<?xml version="1.0" encoding="UTF-8" ?>
<testsuites>
  <testsuite errors="0" failures="0" hostname="digitalsoul.local" id="0" name="OverBookingSpec" package="plantheevent" tests="2" time="12.399" timestamp="2011-05-14T12:41:28">
      <properties />

      <testcase classname="plantheevent.OverBookingSpec" name="イベント詳細画面表示" time="11.401" />

      <testcase classname="plantheevent.OverBookingSpec" name="申し込みボタン押下" time="0.987" />

      <system-out><![CDATA[--Output from イベント詳細画面表示--
--Output from 申し込みボタン押下--
]]></system-out>

      <system-err><![CDATA[--Output from イベント詳細画面表示--
--Output from 申し込みボタン押下--
]]></system-err>

  </testsuite>
  <testsuite errors="0" failures="0" hostname="digitalsoul.local" id="1" name="EventControllerTests" package="digitalsoul.plantheevent" tests="1" time="0.816" timestamp="2011-05-14T12:41:13">
      <properties />

      <testcase classname="digitalsoul.plantheevent.EventControllerTests" name="testSomething" time="0.788" />

      <system-out><![CDATA[--Output from testSomething--
]]></system-out>

      <system-err><![CDATA[--Output from testSomething--
]]></system-err>

  </testsuite>
  <testsuite errors="0" failures="0" hostname="digitalsoul.local" id="2" name="EventTests" package="digitalsoul.plantheevent" tests="1" time="0.011" timestamp="2011-05-14T12:41:14">
      <properties />

      <testcase classname="digitalsoul.plantheevent.EventTests" name="testSomething" time="0.0030" />

      <system-out><![CDATA[--Output from testSomething--
]]></system-out>

      <system-err><![CDATA[--Output from testSomething--
]]></system-err>

  </testsuite>
  <testsuite errors="0" failures="0" hostname="digitalsoul.local" id="3" name="ParticipantControllerTests" package="digitalsoul.plantheevent" tests="1" time="0.029" timestamp="2011-05-14T12:41:14">
      <properties />

      <testcase classname="digitalsoul.plantheevent.ParticipantControllerTests" name="testSomething" time="0.025" />

      <system-out><![CDATA[--Output from testSomething--
]]></system-out>

      <system-err><![CDATA[--Output from testSomething--
]]></system-err>

  </testsuite>
  <testsuite errors="0" failures="0" hostname="digitalsoul.local" id="4" name="ParticipantTests" package="digitalsoul.plantheevent" tests="1" time="0.0070" timestamp="2011-05-14T12:41:14">
      <properties />

      <testcase classname="digitalsoul.plantheevent.ParticipantTests" name="testSomething" time="0.0050" />

      <system-out><![CDATA[--Output from testSomething--
]]></system-out>

      <system-err><![CDATA[--Output from testSomething--
]]></system-err>

  </testsuite>
</testsuites>
